# JRE version: Java(TM) SE Runtime Environment (21.0.2+13) (build 21.0.2+13-LTS-58)
# Java VM: Java HotSpot(TM) 64-Bit Server VM (21.0.2+13-LTS-58, mixed mode, sharing, tiered, compressed oops, compressed class ptrs, g1 gc, windows-amd64)
GC Precious Log:
 CardTable entry size: 512
 Card Set container configuration: InlinePtr #cards 4 size 8 Array Of Cards #cards 16 size 48 Howl #buckets 8 coarsen threshold 3686 Howl Bitmap #cards 512 size 80 coarsen threshold 460 Card regions per heap region 1 cards per card region 4096
 CPUs: 24 total, 24 available
 Memory: 16034M
 Large Page Support: Disabled
 NUMA Support: Disabled
 Compressed Oops: Enabled (Zero based)
 Heap Region Size: 2M
 Heap Min Capacity: 8M
 Heap Initial Capacity: 252M
 Heap Max Capacity: 4010M
 Pre-touch: Disabled
 Parallel Workers: 18
 Concurrent Workers: 5
 Concurrent Refinement Workers: 18
 Periodic GC: Disabled
Heap:
 garbage-first heap   total 153600K, used 119089K [0x0000000705600000, 0x0000000800000000)
  region size 2048K, 17 young (34816K), 1 survivors (2048K)
 Metaspace       used 35091K, committed 35584K, reserved 1114112K
  class space    used 3866K, committed 4096K, reserved 1048576K
GC Heap History (20 events):
Event: 0.900 GC heap before
{Heap before GC invocations=0 (full 0):
 garbage-first heap   total 258048K, used 22528K [0x0000000705600000, 0x0000000800000000)
  region size 2048K, 11 young (22528K), 0 survivors (0K)
 Metaspace       used 6100K, committed 6272K, reserved 1114112K
  class space    used 681K, committed 768K, reserved 1048576K
}
Event: 0.936 GC heap after
{Heap after GC invocations=1 (full 0):
 garbage-first heap   total 258048K, used 4192K [0x0000000705600000, 0x0000000800000000)
  region size 2048K, 2 young (4096K), 2 survivors (4096K)
 Metaspace       used 6100K, committed 6272K, reserved 1114112K
  class space    used 681K, committed 768K, reserved 1048576K
}
Event: 1.358 GC heap before
{Heap before GC invocations=1 (full 0):
 garbage-first heap   total 258048K, used 34912K [0x0000000705600000, 0x0000000800000000)
  region size 2048K, 17 young (34816K), 2 survivors (4096K)
 Metaspace       used 9864K, committed 9984K, reserved 1114112K
  class space    used 1149K, committed 1216K, reserved 1048576K
}
Event: 1.360 GC heap after
{Heap after GC invocations=2 (full 0):
 garbage-first heap   total 258048K, used 5541K [0x0000000705600000, 0x0000000800000000)
  region size 2048K, 1 young (2048K), 1 survivors (2048K)
 Metaspace       used 9864K, committed 9984K, reserved 1114112K
  class space    used 1149K, committed 1216K, reserved 1048576K
}
Event: 3.331 GC heap before
{Heap before GC invocations=2 (full 0):
 garbage-first heap   total 258048K, used 159141K [0x0000000705600000, 0x0000000800000000)
  region size 2048K, 75 young (153600K), 1 survivors (2048K)
 Metaspace       used 21136K, committed 21504K, reserved 1114112K
  class space    used 2326K, committed 2496K, reserved 1048576K
}
Event: 3.338 GC heap after
{Heap after GC invocations=3 (full 0):
 garbage-first heap   total 258048K, used 22177K [0x0000000705600000, 0x0000000800000000)
  region size 2048K, 7 young (14336K), 7 survivors (14336K)
 Metaspace       used 21136K, committed 21504K, reserved 1114112K
  class space    used 2326K, committed 2496K, reserved 1048576K
}
Event: 3.345 GC heap before
{Heap before GC invocations=3 (full 0):
 garbage-first heap   total 258048K, used 24225K [0x0000000705600000, 0x0000000800000000)
  region size 2048K, 9 young (18432K), 7 survivors (14336K)
 Metaspace       used 21142K, committed 21504K, reserved 1114112K
  class space    used 2327K, committed 2496K, reserved 1048576K
}
Event: 3.349 GC heap after
{Heap after GC invocations=4 (full 0):
 garbage-first heap   total 258048K, used 26092K [0x0000000705600000, 0x0000000800000000)
  region size 2048K, 2 young (4096K), 2 survivors (4096K)
 Metaspace       used 21142K, committed 21504K, reserved 1114112K
  class space    used 2327K, committed 2496K, reserved 1048576K
}
Event: 3.960 GC heap before
{Heap before GC invocations=5 (full 0):
 garbage-first heap   total 96256K, used 95724K [0x0000000705600000, 0x0000000800000000)
  region size 2048K, 34 young (69632K), 2 survivors (4096K)
 Metaspace       used 27948K, committed 28288K, reserved 1114112K
  class space    used 3102K, committed 3264K, reserved 1048576K
}
Event: 3.970 GC heap after
{Heap after GC invocations=6 (full 0):
 garbage-first heap   total 124928K, used 53217K [0x0000000705600000, 0x0000000800000000)
  region size 2048K, 6 young (12288K), 6 survivors (12288K)
 Metaspace       used 27948K, committed 28288K, reserved 1114112K
  class space    used 3102K, committed 3264K, reserved 1048576K
}
Event: 4.366 GC heap before
{Heap before GC invocations=6 (full 0):
 garbage-first heap   total 124928K, used 88033K [0x0000000705600000, 0x0000000800000000)
  region size 2048K, 23 young (47104K), 6 survivors (12288K)
 Metaspace       used 29973K, committed 30464K, reserved 1114112K
  class space    used 3331K, committed 3584K, reserved 1048576K
}
Event: 4.370 GC heap after
{Heap after GC invocations=7 (full 0):
 garbage-first heap   total 124928K, used 56320K [0x0000000705600000, 0x0000000800000000)
  region size 2048K, 1 young (2048K), 1 survivors (2048K)
 Metaspace       used 29973K, committed 30464K, reserved 1114112K
  class space    used 3331K, committed 3584K, reserved 1048576K
}
Event: 4.648 GC heap before
{Heap before GC invocations=7 (full 0):
 garbage-first heap   total 124928K, used 80896K [0x0000000705600000, 0x0000000800000000)
  region size 2048K, 14 young (28672K), 1 survivors (2048K)
 Metaspace       used 30791K, committed 31296K, reserved 1114112K
  class space    used 3411K, committed 3648K, reserved 1048576K
}
Event: 4.651 GC heap after
{Heap after GC invocations=8 (full 0):
 garbage-first heap   total 124928K, used 57372K [0x0000000705600000, 0x0000000800000000)
  region size 2048K, 2 young (4096K), 2 survivors (4096K)
 Metaspace       used 30791K, committed 31296K, reserved 1114112K
  class space    used 3411K, committed 3648K, reserved 1048576K
}
Event: 4.811 GC heap before
{Heap before GC invocations=8 (full 0):
 garbage-first heap   total 124928K, used 98332K [0x0000000705600000, 0x0000000800000000)
  region size 2048K, 21 young (43008K), 2 survivors (4096K)
 Metaspace       used 30868K, committed 31360K, reserved 1114112K
  class space    used 3411K, committed 3648K, reserved 1048576K
}
Event: 4.821 GC heap after
{Heap after GC invocations=9 (full 0):
 garbage-first heap   total 151552K, used 80896K [0x0000000705600000, 0x0000000800000000)
  region size 2048K, 3 young (6144K), 3 survivors (6144K)
 Metaspace       used 30868K, committed 31360K, reserved 1114112K
  class space    used 3411K, committed 3648K, reserved 1048576K
}
Event: 5.067 GC heap before
{Heap before GC invocations=9 (full 0):
 garbage-first heap   total 151552K, used 115712K [0x0000000705600000, 0x0000000800000000)
  region size 2048K, 21 young (43008K), 3 survivors (6144K)
 Metaspace       used 31424K, committed 31936K, reserved 1114112K
  class space    used 3469K, committed 3712K, reserved 1048576K
}
Event: 5.071 GC heap after
{Heap after GC invocations=10 (full 0):
 garbage-first heap   total 151552K, used 88705K [0x0000000705600000, 0x0000000800000000)
  region size 2048K, 3 young (6144K), 3 survivors (6144K)
 Metaspace       used 31424K, committed 31936K, reserved 1114112K
  class space    used 3469K, committed 3712K, reserved 1048576K
}
Event: 5.373 GC heap before
{Heap before GC invocations=11 (full 0):
 garbage-first heap   total 153600K, used 121473K [0x0000000705600000, 0x0000000800000000)
  region size 2048K, 19 young (38912K), 3 survivors (6144K)
 Metaspace       used 32396K, committed 32896K, reserved 1114112K
  class space    used 3575K, committed 3840K, reserved 1048576K
}
Event: 5.376 GC heap after
{Heap after GC invocations=12 (full 0):
 garbage-first heap   total 153600K, used 88369K [0x0000000705600000, 0x0000000800000000)
  region size 2048K, 1 young (2048K), 1 survivors (2048K)
 Metaspace       used 32396K, committed 32896K, reserved 1114112K
  class space    used 3575K, committed 3840K, reserved 1048576K
}

